\\smbhome.uscs.susx.ac.uk\mk630\desktop\cp\reiengine\reiengine-3.2\reiengine-3.2\debug\vc141.pdb
\\smbhome.uscs.susx.ac.uk\mk630\desktop\cp\reiengine\reiengine-3.2\reiengine-3.2\debug\vc141.idb
\\smbhome.uscs.susx.ac.uk\mk630\desktop\cp\reiengine\reiengine-3.2\reiengine-3.2\debug\animsystem.obj
\\smbhome.uscs.susx.ac.uk\mk630\desktop\cp\reiengine\reiengine-3.2\reiengine-3.2\debug\assetmanager.obj
\\smbhome.uscs.susx.ac.uk\mk630\desktop\cp\reiengine\reiengine-3.2\reiengine-3.2\debug\audiosystem.obj
\\smbhome.uscs.susx.ac.uk\mk630\desktop\cp\reiengine\reiengine-3.2\reiengine-3.2\debug\collisionsystem.obj
\\smbhome.uscs.susx.ac.uk\mk630\desktop\cp\reiengine\reiengine-3.2\reiengine-3.2\debug\compmanager.obj
\\smbhome.uscs.susx.ac.uk\mk630\desktop\cp\reiengine\reiengine-3.2\reiengine-3.2\debug\engine.obj
\\smbhome.uscs.susx.ac.uk\mk630\desktop\cp\reiengine\reiengine-3.2\reiengine-3.2\debug\entitymanager.obj
\\smbhome.uscs.susx.ac.uk\mk630\desktop\cp\reiengine\reiengine-3.2\reiengine-3.2\debug\inputsystem.obj
\\smbhome.uscs.susx.ac.uk\mk630\desktop\cp\reiengine\reiengine-3.2\reiengine-3.2\debug\main.obj
\\smbhome.uscs.susx.ac.uk\mk630\desktop\cp\reiengine\reiengine-3.2\reiengine-3.2\debug\physicssystem.obj
\\smbhome.uscs.susx.ac.uk\mk630\desktop\cp\reiengine\reiengine-3.2\reiengine-3.2\debug\rendersystem.obj
\\smbhome.uscs.susx.ac.uk\mk630\desktop\cp\reiengine\reiengine-3.2\reiengine-3.2\debug\scene.obj
\\smbhome.uscs.susx.ac.uk\mk630\desktop\cp\reiengine\reiengine-3.2\reiengine-3.2\debug\scenemachine.obj
\\smbhome.uscs.susx.ac.uk\mk630\desktop\cp\reiengine\reiengine-3.2\reiengine-3.2\debug\scriptsystem.obj
\\smbhome.uscs.susx.ac.uk\mk630\desktop\cp\reiengine\reiengine-3.2\debug\reiengine-3.2.ilk
\\smbhome.uscs.susx.ac.uk\mk630\desktop\cp\reiengine\reiengine-3.2\debug\reiengine-3.2.exe
\\smbhome.uscs.susx.ac.uk\mk630\desktop\cp\reiengine\reiengine-3.2\debug\reiengine-3.2.pdb
\\smbhome.uscs.susx.ac.uk\mk630\desktop\cp\reiengine\reiengine-3.2\reiengine-3.2\debug\reiengine-3.2.tlog\link.command.1.tlog
\\smbhome.uscs.susx.ac.uk\mk630\desktop\cp\reiengine\reiengine-3.2\reiengine-3.2\debug\reiengine-3.2.tlog\cl.write.1.tlog
\\smbhome.uscs.susx.ac.uk\mk630\desktop\cp\reiengine\reiengine-3.2\reiengine-3.2\debug\reiengine-3.2.tlog\link.read.1.tlog
\\smbhome.uscs.susx.ac.uk\mk630\desktop\cp\reiengine\reiengine-3.2\reiengine-3.2\debug\reiengine-3.2.tlog\cl.command.1.tlog
\\smbhome.uscs.susx.ac.uk\mk630\desktop\cp\reiengine\reiengine-3.2\reiengine-3.2\debug\reiengine-3.2.tlog\cl.read.1.tlog
\\smbhome.uscs.susx.ac.uk\mk630\desktop\cp\reiengine\reiengine-3.2\reiengine-3.2\debug\reiengine-3.2.tlog\link.write.1.tlog
